<?xml version="1.0" encoding="UTF-8"?>
<!-- Generated by org.testng.reporters.JUnitXMLReporter -->
<testsuite ignored="0" hostname="LAPTOP-GCBCO2G3" failures="0" tests="4" name="PetTest" time="8.939" errors="0" timestamp="2024-05-27T09:43:03 IST">
  <testcase classname="api.test.UsersTests" name="testPostUser" time="3.914"/>
  <testcase classname="api.test.UsersTests" name="testGetUser" time="1.499"/>
  <testcase classname="api.test.UsersTests" name="testUpdateUser" time="1.354"/>
  <testcase classname="api.test.UsersTests" name="testDeleteUser" time="1.51"/>
</testsuite> <!-- PetTest -->
