<?xml version="1.0" encoding="UTF-8"?>
<!-- Generated by org.testng.reporters.JUnitXMLReporter -->
<testsuite ignored="0" hostname="LAPTOP-GCBCO2G3" failures="0" tests="4" name="Test" time="6.953" errors="0" timestamp="2024-02-18T20:31:34 IST">
  <testcase classname="Day8.CreateUser" name="createUser" time="3.53"/>
  <testcase classname="Day8.GetUser" name="getUser" time="1.062"/>
  <testcase classname="Day8.UpdateUser" name="updateUser" time="0.94"/>
  <testcase classname="Day8.DeleteUser" name="deleteUser" time="1.351"/>
</testsuite> <!-- Test -->
