<?xml version="1.0" encoding="UTF-8"?>
<testng-results ignored="0" total="4" passed="4" failed="0" skipped="0">
  <reporter-output>
  </reporter-output>
  <suite started-at="2024-05-27T09:42:54 IST" name="PetSuiteAPI" finished-at="2024-05-27T09:43:03 IST" duration-ms="8939">
    <groups>
    </groups>
    <test started-at="2024-05-27T09:42:54 IST" name="PetTest" finished-at="2024-05-27T09:43:03 IST" duration-ms="8939">
      <class name="api.test.UsersTests">
        <test-method is-config="true" signature="setupData()[pri:0, instance:api.test.UsersTests@147e2ae7]" started-at="2024-05-27T09:42:54 IST" name="setupData" finished-at="2024-05-27T09:42:55 IST" duration-ms="257" status="PASS">
          <reporter-output>
          </reporter-output>
        </test-method> <!-- setupData -->
        <test-method signature="testPostUser()[pri:1, instance:api.test.UsersTests@147e2ae7]" started-at="2024-05-27T09:42:55 IST" name="testPostUser" finished-at="2024-05-27T09:42:59 IST" duration-ms="3914" status="PASS">
          <reporter-output>
          </reporter-output>
        </test-method> <!-- testPostUser -->
        <test-method signature="testGetUser()[pri:2, instance:api.test.UsersTests@147e2ae7]" started-at="2024-05-27T09:42:59 IST" name="testGetUser" finished-at="2024-05-27T09:43:00 IST" duration-ms="1499" status="PASS">
          <reporter-output>
          </reporter-output>
        </test-method> <!-- testGetUser -->
        <test-method signature="testUpdateUser()[pri:3, instance:api.test.UsersTests@147e2ae7]" started-at="2024-05-27T09:43:00 IST" name="testUpdateUser" finished-at="2024-05-27T09:43:02 IST" duration-ms="1354" status="PASS">
          <reporter-output>
          </reporter-output>
        </test-method> <!-- testUpdateUser -->
        <test-method signature="testDeleteUser()[pri:4, instance:api.test.UsersTests@147e2ae7]" started-at="2024-05-27T09:43:02 IST" name="testDeleteUser" finished-at="2024-05-27T09:43:03 IST" duration-ms="1510" status="PASS">
          <reporter-output>
          </reporter-output>
        </test-method> <!-- testDeleteUser -->
      </class> <!-- api.test.UsersTests -->
    </test> <!-- PetTest -->
  </suite> <!-- PetSuiteAPI -->
</testng-results>
