<?xml version="1.0" encoding="UTF-8"?>
<testng-results ignored="0" total="4" passed="4" failed="0" skipped="0">
  <reporter-output>
  </reporter-output>
  <suite started-at="2024-02-18T20:31:27 IST" name="Suite" finished-at="2024-02-18T20:31:34 IST" duration-ms="6953">
    <groups>
    </groups>
    <test started-at="2024-02-18T20:31:27 IST" name="Test" finished-at="2024-02-18T20:31:34 IST" duration-ms="6953">
      <class name="Day8.UpdateUser">
        <test-method signature="updateUser(org.testng.ITestContext)[pri:0, instance:Day8.UpdateUser@d9345cd]" started-at="2024-02-18T20:31:31 IST" name="updateUser" finished-at="2024-02-18T20:31:32 IST" duration-ms="940" status="PASS">
          <params>
            <param index="0">
              <value>
                <![CDATA[org.testng.TestRunner@69c81773]]>
              </value>
            </param>
          </params>
          <reporter-output>
          </reporter-output>
        </test-method> <!-- updateUser -->
      </class> <!-- Day8.UpdateUser -->
      <class name="Day8.GetUser">
        <test-method signature="getUser(org.testng.ITestContext)[pri:0, instance:Day8.GetUser@428640fa]" started-at="2024-02-18T20:31:30 IST" name="getUser" finished-at="2024-02-18T20:31:31 IST" duration-ms="1062" status="PASS">
          <params>
            <param index="0">
              <value>
                <![CDATA[org.testng.TestRunner@69c81773]]>
              </value>
            </param>
          </params>
          <reporter-output>
          </reporter-output>
        </test-method> <!-- getUser -->
      </class> <!-- Day8.GetUser -->
      <class name="Day8.DeleteUser">
        <test-method signature="deleteUser(org.testng.ITestContext)[pri:0, instance:Day8.DeleteUser@2d710f1a]" started-at="2024-02-18T20:31:32 IST" name="deleteUser" finished-at="2024-02-18T20:31:34 IST" duration-ms="1351" status="PASS">
          <params>
            <param index="0">
              <value>
                <![CDATA[org.testng.TestRunner@69c81773]]>
              </value>
            </param>
          </params>
          <reporter-output>
          </reporter-output>
        </test-method> <!-- deleteUser -->
      </class> <!-- Day8.DeleteUser -->
      <class name="Day8.CreateUser">
        <test-method signature="createUser(org.testng.ITestContext)[pri:0, instance:Day8.CreateUser@67f639d3]" started-at="2024-02-18T20:31:27 IST" name="createUser" finished-at="2024-02-18T20:31:30 IST" duration-ms="3530" status="PASS">
          <params>
            <param index="0">
              <value>
                <![CDATA[org.testng.TestRunner@69c81773]]>
              </value>
            </param>
          </params>
          <reporter-output>
          </reporter-output>
        </test-method> <!-- createUser -->
      </class> <!-- Day8.CreateUser -->
    </test> <!-- Test -->
  </suite> <!-- Suite -->
</testng-results>
